
OUTPUT for processing script

DATE 2015-11-09
/home/jm8g08/py-test-suite/
VERSION test
Model /home/jm8g08/py-test-suite//outputs/1d_sn
85.20pc Converged
Run 1d_sn: Column Created Normalised Standard deviation in flux = 3.9862e-16 Mean 7.8964e-16
Run 1d_sn: Column Emitted Normalised Standard deviation in flux = 3.4155e-16 Mean 5.9895e-16
Run 1d_sn: Column CenSrc Normalised Standard deviation in flux = 3.4134e-16 Mean 5.9853e-16
Run 1d_sn: Column Disk Normalised Standard deviation in flux = 0.0000e+00 Mean 0.0000e+00
Run 1d_sn: Column Wind Normalised Standard deviation in flux = 8.9975e-18 Mean 4.2474e-19
Run 1d_sn: Column HitSurf Normalised Standard deviation in flux = 1.9955e-16 Mean 1.8764e-16
Run 1d_sn: Column Scattered Normalised Standard deviation in flux = 7.9986e-16 Mean 4.6652e-16
Run 1d_sn: Column A45P0.50 Normalised Standard deviation in flux = 3.9991e-16 Mean 6.0097e-16
10 10
/home/jm8g08/py-test-suite//outputs/py_heat_test.dat
/home/jm8g08/py-test-suite//outputs_release/py_heat_release.dat
Model /home/jm8g08/py-test-suite//outputs/cv_standard
91.20pc Converged
Run cv_standard: Column Created Normalised Standard deviation in flux = 1.9334e-12 Mean 1.7502e-11
Run cv_standard: Column Emitted Normalised Standard deviation in flux = 1.6143e-12 Mean 1.3278e-11
Run cv_standard: Column CenSrc Normalised Standard deviation in flux = 2.4560e-13 Mean 3.0112e-13
Run cv_standard: Column Disk Normalised Standard deviation in flux = 1.5870e-12 Mean 1.2842e-11
Run cv_standard: Column Wind Normalised Standard deviation in flux = 1.5348e-13 Mean 1.3340e-13
Run cv_standard: Column HitSurf Normalised Standard deviation in flux = 5.1702e-13 Mean 1.3288e-12
Run cv_standard: Column Scattered Normalised Standard deviation in flux = 9.3822e-13 Mean 2.2001e-12
Run cv_standard: Column A10P0.50 Normalised Standard deviation in flux = 5.7307e-12 Mean 3.6351e-11
Run cv_standard: Column A28P0.50 Normalised Standard deviation in flux = 4.6012e-12 Mean 2.8259e-11
Run cv_standard: Column A45P0.50 Normalised Standard deviation in flux = 3.0553e-12 Mean 1.8660e-11
Run cv_standard: Column A62P0.50 Normalised Standard deviation in flux = 1.5243e-12 Mean 9.1232e-12
Run cv_standard: Column A80P0.50 Normalised Standard deviation in flux = 7.3669e-13 Mean 2.9214e-12
14 14
/home/jm8g08/py-test-suite//outputs/py_heat_test.dat
/home/jm8g08/py-test-suite//outputs_release/py_heat_release.dat
Model /home/jm8g08/py-test-suite//outputs/fiducial_agn
76.60pc Converged
Run fiducial_agn: Column Created Normalised Standard deviation in flux = 5.4354e-01 Mean 4.6576e+00
Run fiducial_agn: Column Emitted Normalised Standard deviation in flux = 5.2255e-01 Mean 4.3940e+00
Run fiducial_agn: Column CenSrc Normalised Standard deviation in flux = 3.1031e-02 Mean 5.0791e-03
Run fiducial_agn: Column Disk Normalised Standard deviation in flux = 5.2174e-01 Mean 4.3875e+00
Run fiducial_agn: Column Wind Normalised Standard deviation in flux = 8.1385e-03 Mean 1.4322e-03
Run fiducial_agn: Column HitSurf Normalised Standard deviation in flux = 1.1272e-01 Mean 1.6647e-01
Run fiducial_agn: Column Scattered Normalised Standard deviation in flux = 1.2653e-01 Mean 1.6935e-01
Run fiducial_agn: Column A20P0.50 Normalised Standard deviation in flux = 1.6238e+00 Mean 1.0327e+01
Run fiducial_agn: Column A40P0.50 Normalised Standard deviation in flux = 1.2354e+00 Mean 7.6924e+00
Run fiducial_agn: Column A60P0.50 Normalised Standard deviation in flux = 6.8995e-01 Mean 4.0789e+00
Run fiducial_agn: Column A70P0.50 Normalised Standard deviation in flux = 4.1211e-01 Mean 2.3867e+00
Run fiducial_agn: Column A75P0.50 Normalised Standard deviation in flux = 2.0184e-01 Mean 2.4297e-01
Run fiducial_agn: Column A80P0.50 Normalised Standard deviation in flux = 7.7267e-02 Mean 7.9385e-02
Run fiducial_agn: Column A85P0.50 Normalised Standard deviation in flux = 6.2160e-02 Mean 9.3977e-02
Run fiducial_agn: Column A89P0.50 Normalised Standard deviation in flux = 6.6794e-02 Mean 1.0283e-01
17 17
/home/jm8g08/py-test-suite//outputs/py_heat_test.dat
/home/jm8g08/py-test-suite//outputs_release/py_heat_release.d